Performing C SOURCE FILE Test CMAKE_HAVE_LIBC_PTHREAD failed with the following output:
Change Dir: /home/h24/Desktop/my_robot/build/CMakeFiles/CMakeTmp

Run Build Command(s):/usr/bin/make cmTC_6c00f/fast && /usr/bin/make -f CMakeFiles/cmTC_6c00f.dir/build.make CMakeFiles/cmTC_6c00f.dir/build
make[1]: Entering directory '/home/h24/Desktop/my_robot/build/CMakeFiles/CMakeTmp'
Building C object CMakeFiles/cmTC_6c00f.dir/src.c.o
/usr/bin/cc   -DCMAKE_HAVE_LIBC_PTHREAD   -o CMakeFiles/cmTC_6c00f.dir/src.c.o   -c /home/h24/Desktop/my_robot/build/CMakeFiles/CMakeTmp/src.c
Linking C executable cmTC_6c00f
/usr/bin/cmake -E cmake_link_script CMakeFiles/cmTC_6c00f.dir/link.txt --verbose=1
/usr/bin/cc  -DCMAKE_HAVE_LIBC_PTHREAD    -rdynamic CMakeFiles/cmTC_6c00f.dir/src.c.o  -o cmTC_6c00f 
/usr/bin/ld: CMakeFiles/cmTC_6c00f.dir/src.c.o: in function `main':
src.c:(.text+0x46): undefined reference to `pthread_create'
/usr/bin/ld: src.c:(.text+0x52): undefined reference to `pthread_detach'
/usr/bin/ld: src.c:(.text+0x63): undefined reference to `pthread_join'
collect2: error: ld returned 1 exit status
make[1]: *** [CMakeFiles/cmTC_6c00f.dir/build.make:87: cmTC_6c00f] Error 1
make[1]: Leaving directory '/home/h24/Desktop/my_robot/build/CMakeFiles/CMakeTmp'
make: *** [Makefile:121: cmTC_6c00f/fast] Error 2


Source file was:
#include <pthread.h>

void* test_func(void* data)
{
  return data;
}

int main(void)
{
  pthread_t thread;
  pthread_create(&thread, NULL, test_func, NULL);
  pthread_detach(thread);
  pthread_join(thread, NULL);
  pthread_atfork(NULL, NULL, NULL);
  pthread_exit(NULL);

  return 0;
}

Determining if the function pthread_create exists in the pthreads failed with the following output:
Change Dir: /home/h24/Desktop/my_robot/build/CMakeFiles/CMakeTmp

Run Build Command(s):/usr/bin/make cmTC_19fde/fast && /usr/bin/make -f CMakeFiles/cmTC_19fde.dir/build.make CMakeFiles/cmTC_19fde.dir/build
make[1]: Entering directory '/home/h24/Desktop/my_robot/build/CMakeFiles/CMakeTmp'
Building C object CMakeFiles/cmTC_19fde.dir/CheckFunctionExists.c.o
/usr/bin/cc   -DCHECK_FUNCTION_EXISTS=pthread_create   -o CMakeFiles/cmTC_19fde.dir/CheckFunctionExists.c.o   -c /usr/share/cmake-3.16/Modules/CheckFunctionExists.c
Linking C executable cmTC_19fde
/usr/bin/cmake -E cmake_link_script CMakeFiles/cmTC_19fde.dir/link.txt --verbose=1
/usr/bin/cc  -DCHECK_FUNCTION_EXISTS=pthread_create    -rdynamic CMakeFiles/cmTC_19fde.dir/CheckFunctionExists.c.o  -o cmTC_19fde  -lpthreads 
/usr/bin/ld: cannot find -lpthreads
collect2: error: ld returned 1 exit status
make[1]: *** [CMakeFiles/cmTC_19fde.dir/build.make:87: cmTC_19fde] Error 1
make[1]: Leaving directory '/home/h24/Desktop/my_robot/build/CMakeFiles/CMakeTmp'
make: *** [Makefile:121: cmTC_19fde/fast] Error 2



Determining if the include file pgm.h exists failed with the following output:
Change Dir: /home/h24/Desktop/my_robot/build/CMakeFiles/CMakeTmp

Run Build Command(s):/usr/bin/make cmTC_cb5ef/fast && make[1]: Entering directory '/home/h24/Desktop/my_robot/build/CMakeFiles/CMakeTmp'
/usr/bin/make -f CMakeFiles/cmTC_cb5ef.dir/build.make CMakeFiles/cmTC_cb5ef.dir/build
make[2]: Entering directory '/home/h24/Desktop/my_robot/build/CMakeFiles/CMakeTmp'
Building CXX object CMakeFiles/cmTC_cb5ef.dir/CheckIncludeFile.cxx.o
/usr/bin/c++     -o CMakeFiles/cmTC_cb5ef.dir/CheckIncludeFile.cxx.o -c /home/h24/Desktop/my_robot/build/CMakeFiles/CMakeTmp/CheckIncludeFile.cxx
/home/h24/Desktop/my_robot/build/CMakeFiles/CMakeTmp/CheckIncludeFile.cxx:1:10: fatal error: pgm.h: No such file or directory
    1 | #include <pgm.h>
      |          ^~~~~~~
compilation terminated.
make[2]: *** [CMakeFiles/cmTC_cb5ef.dir/build.make:66: CMakeFiles/cmTC_cb5ef.dir/CheckIncludeFile.cxx.o] Error 1
make[2]: Leaving directory '/home/h24/Desktop/my_robot/build/CMakeFiles/CMakeTmp'
make[1]: *** [Makefile:121: cmTC_cb5ef/fast] Error 2
make[1]: Leaving directory '/home/h24/Desktop/my_robot/build/CMakeFiles/CMakeTmp'



